<?xml version="1.0" encoding="UTF-8"?>
<testng-results ignored="0" total="3" passed="3" failed="0" skipped="0">
  <reporter-output>
  </reporter-output>
  <suite started-at="2026-04-26T08:02:49 IST" name="Default suite" finished-at="2026-04-26T08:02:49 IST" duration-ms="66">
    <groups>
    </groups>
    <test started-at="2026-04-26T08:02:49 IST" name="Default test" finished-at="2026-04-26T08:02:49 IST" duration-ms="66">
      <class name="prg1.appTest">
        <test-method signature="failTest()[pri:0, instance:prg1.appTest@222545dc]" started-at="2026-04-26T08:02:49 IST" name="failTest" finished-at="2026-04-26T08:02:49 IST" duration-ms="13" status="PASS">
          <reporter-output>
          </reporter-output>
        </test-method> <!-- failTest -->
        <test-method signature="invalidTest()[pri:0, instance:prg1.appTest@222545dc]" started-at="2026-04-26T08:02:49 IST" name="invalidTest" finished-at="2026-04-26T08:02:49 IST" duration-ms="2" status="PASS">
          <reporter-output>
          </reporter-output>
        </test-method> <!-- invalidTest -->
        <test-method signature="passTest()[pri:0, instance:prg1.appTest@222545dc]" started-at="2026-04-26T08:02:49 IST" name="passTest" finished-at="2026-04-26T08:02:49 IST" duration-ms="2" status="PASS">
          <reporter-output>
          </reporter-output>
        </test-method> <!-- passTest -->
      </class> <!-- prg1.appTest -->
    </test> <!-- Default test -->
  </suite> <!-- Default suite -->
</testng-results>
